<?xml version="1.0" encoding="utf-8"?><testsuites name="pytest tests"><testsuite name="pytest" errors="0" failures="0" skipped="0" tests="97" time="5.789" timestamp="2026-07-21T10:43:28.476698+05:30" hostname="Abhigyans-MacBook-Air.local"><testcase classname="tests.contracts.test_audio_frame_contract" name="test_audio_frame_instantiation" time="0.001" /><testcase classname="tests.contracts.test_audio_frame_contract" name="test_audio_frame_immutability" time="0.000" /><testcase classname="tests.contracts.test_audio_frame_contract" name="test_audio_frame_dimensions" time="0.000" /><testcase classname="tests.contracts.test_audio_frame_contract" name="test_audio_frame_channel_mismatch" time="0.000" /><testcase classname="tests.contracts.test_audio_frame_contract" name="test_audio_frame_invalid_values" time="0.000" /><testcase classname="tests.contracts.test_audio_frame_contract" name="test_audio_frame_computed_properties" time="0.000" /><testcase classname="tests.contracts.test_feature_record_contract" name="test_feature_record_instantiation" time="0.000" /><testcase classname="tests.contracts.test_feature_record_contract" name="test_feature_record_probability_constraints" time="0.000" /><testcase classname="tests.contracts.test_feature_record_contract" name="test_feature_record_temporal_constraints" time="0.000" /><testcase classname="tests.contracts.test_feature_record_contract" name="test_feature_record_invalid_egemaps_dimension" time="0.000" /><testcase classname="tests.contracts.test_feature_record_contract" name="test_feature_record_serialization" time="0.000" /><testcase classname="tests.contracts.test_feature_record_contract" name="test_feature_record_helper_methods" time="0.000" /><testcase classname="tests.contracts.test_feature_record_contract" name="test_drop_reason_instantiation" time="0.000" /><testcase classname="tests.contracts.test_speaker_attribution_contract" name="test_speaker_attribution_instantiation" time="0.000" /><testcase classname="tests.contracts.test_speaker_attribution_contract" name="test_speaker_attribution_invalid_values" time="0.000" /><testcase classname="tests.contracts.test_speaker_attribution_contract" name="test_speaker_attribution_helper_methods" time="0.000" /><testcase classname="tests.contracts.test_speaker_attribution_contract" name="test_speaker_attribution_serialization" time="0.000" /><testcase classname="tests.contracts.test_speaker_attribution_contract" name="test_enrollment_config_validations" time="0.000" /><testcase classname="tests.contracts.test_speech_segment_contract" name="test_speech_segment_instantiation" time="0.000" /><testcase classname="tests.contracts.test_speech_segment_contract" name="test_speech_segment_timing_order" time="0.000" /><testcase classname="tests.contracts.test_speech_segment_contract" name="test_speech_segment_vad_bounds" time="0.000" /><testcase classname="tests.contracts.test_speech_segment_contract" name="test_speech_segment_computed_properties" time="0.000" /><testcase classname="tests.integration.test_streaming" name="test_ring_buffer_write_read" time="0.000" /><testcase classname="tests.integration.test_streaming" name="test_ring_buffer_peek_not_enough" time="0.000" /><testcase classname="tests.integration.test_streaming" name="test_ring_buffer_overflow" time="0.000" /><testcase classname="tests.integration.test_streaming" name="test_ring_buffer_clear" time="0.000" /><testcase classname="tests.integration.test_streaming" name="test_ring_buffer_discontinuity" time="0.000" /><testcase classname="tests.integration.test_streaming" name="test_bounded_queue_operations" time="0.206" /><testcase classname="tests.integration.test_streaming" name="test_streaming_resampler_clean_boundaries" time="1.850" /><testcase classname="tests.integration.test_streaming" name="test_streaming_resampler_same_rate" time="0.000" /><testcase classname="tests.integration.test_streaming" name="test_streaming_resampler_reset" time="0.001" /><testcase classname="tests.integration.test_streaming" name="test_synthetic_audio_stream" time="0.219" /><testcase classname="tests.integration.test_streaming" name="test_sequence_numbers" time="0.127" /><testcase classname="tests.integration.test_streaming" name="test_discontinuity_propagation" time="0.144" /><testcase classname="tests.integration.test_streaming" name="test_bounded_memory_growth" time="0.134" /><testcase classname="tests.integration.test_streaming" name="test_graceful_shutdown" time="0.648" /><testcase classname="tests.integration.test_streaming" name="test_backpressure_drop" time="0.327" /><testcase classname="tests.integration.test_streaming" name="test_unsupported_rate_conversion" time="0.172" /><testcase classname="tests.integration.test_streaming" name="test_microphone_source_mocked" time="0.001" /><testcase classname="tests.integration.test_vad_offline" name="test_vad_on_clean_speech" time="0.103" /><testcase classname="tests.integration.test_vad_offline" name="test_vad_on_silence" time="0.104" /><testcase classname="tests.integration.test_vad_offline" name="test_vad_on_noisy_speech" time="0.124" /><testcase classname="tests.integration.test_vad_streaming" name="test_vad_in_streaming_pipeline" time="0.006" /><testcase classname="tests.integration.test_vad_streaming" name="test_streaming_with_dummy_vad" time="0.003" /><testcase classname="tests.integration.test_wav_to_parquet" name="test_audio_reader_basic" time="0.001" /><testcase classname="tests.integration.test_wav_to_parquet" name="test_audio_reader_stereo" time="0.005" /><testcase classname="tests.integration.test_wav_to_parquet" name="test_audio_reader_file_not_found" time="0.000" /><testcase classname="tests.integration.test_wav_to_parquet" name="test_audio_reader_empty_file" time="0.001" /><testcase classname="tests.integration.test_wav_to_parquet" name="test_audio_reader_corrupt_file" time="0.001" /><testcase classname="tests.integration.test_wav_to_parquet" name="test_resampler_mono" time="0.004" /><testcase classname="tests.integration.test_wav_to_parquet" name="test_resampler_stereo" time="0.008" /><testcase classname="tests.integration.test_wav_to_parquet" name="test_resampler_same_rate" time="0.000" /><testcase classname="tests.integration.test_wav_to_parquet" name="test_channel_mixer_mono" time="0.000" /><testcase classname="tests.integration.test_wav_to_parquet" name="test_channel_mixer_stereo" time="0.000" /><testcase classname="tests.integration.test_wav_to_parquet" name="test_fixed_windower_counts" time="0.000" /><testcase classname="tests.integration.test_wav_to_parquet" name="test_fixed_windower_partial" time="0.000" /><testcase classname="tests.integration.test_wav_to_parquet" name="test_fixed_windower_very_short" time="0.000" /><testcase classname="tests.integration.test_wav_to_parquet" name="test_fixed_windower_empty" time="0.000" /><testcase classname="tests.integration.test_wav_to_parquet" name="test_fixed_windower_invalid_input" time="0.000" /><testcase classname="tests.integration.test_wav_to_parquet" name="test_detect_clipping_none" time="0.000" /><testcase classname="tests.integration.test_wav_to_parquet" name="test_detect_clipping_all" time="0.000" /><testcase classname="tests.integration.test_wav_to_parquet" name="test_detect_clipping_empty" time="0.000" /><testcase classname="tests.integration.test_wav_to_parquet" name="test_detect_dropout_none" time="0.000" /><testcase classname="tests.integration.test_wav_to_parquet" name="test_detect_dropout_half" time="0.000" /><testcase classname="tests.integration.test_wav_to_parquet" name="test_detect_dropout_empty" time="0.000" /><testcase classname="tests.integration.test_wav_to_parquet" name="test_compute_rms_db" time="0.002" /><testcase classname="tests.integration.test_wav_to_parquet" name="test_compute_rms_silent" time="0.000" /><testcase classname="tests.integration.test_wav_to_parquet" name="test_estimate_snr_silent" time="0.000" /><testcase classname="tests.integration.test_wav_to_parquet" name="test_estimate_snr_loud" time="0.001" /><testcase classname="tests.integration.test_wav_to_parquet" name="test_estimate_snr_short" time="0.000" /><testcase classname="tests.integration.test_wav_to_parquet" name="test_wav_to_parquet_basic" time="0.160" /><testcase classname="tests.integration.test_wav_to_parquet" name="test_sample_rate_8khz" time="0.013" /><testcase classname="tests.integration.test_wav_to_parquet" name="test_sample_rates_cd_and_pro" time="0.033" /><testcase classname="tests.integration.test_wav_to_parquet" name="test_wav_to_parquet_stereo" time="0.005" /><testcase classname="tests.integration.test_wav_to_parquet" name="test_wav_to_parquet_clipped" time="0.005" /><testcase classname="tests.integration.test_wav_to_parquet" name="test_wav_to_parquet_silent_dropout" time="0.005" /><testcase classname="tests.integration.test_wav_to_parquet" name="test_nan_infinity_prevention" time="0.001" /><testcase classname="tests.integration.test_wav_to_parquet" name="test_timestamp_and_sequence_continuity" time="0.006" /><testcase classname="tests.integration.test_wav_to_parquet" name="test_atomic_write_safety" time="0.002" /><testcase classname="tests.integration.test_wav_to_parquet" name="test_overwrite_existing_output" time="0.005" /><testcase classname="tests.integration.test_wav_to_parquet" name="test_reproducibility_determinism" time="0.011" /><testcase classname="tests.integration.test_wav_to_parquet" name="test_cli_help" time="0.003" /><testcase classname="tests.integration.test_wav_to_parquet" name="test_cli_success" time="0.004" /><testcase classname="tests.integration.test_wav_to_parquet" name="test_cli_missing_input" time="0.001" /><testcase classname="tests.unit.test_config_validation" name="test_streaming_default_yaml_exists" time="0.002" /><testcase classname="tests.unit.test_config_validation" name="test_load_and_validate_default_yaml" time="0.005" /><testcase classname="tests.unit.test_degradation" name="test_degradation_manager_p95_latency" time="0.000" /><testcase classname="tests.unit.test_degradation" name="test_degradation_transitions" time="0.000" /><testcase classname="tests.unit.test_degradation" name="test_recovery_transitions" time="0.000" /><testcase classname="tests.unit.test_degradation" name="test_recovery_delay_blocking" time="0.000" /><testcase classname="tests.unit.test_degradation" name="test_component_activation_by_level" time="0.000" /><testcase classname="tests.unit.test_degradation" name="test_emotion2vec_hop_multiplier" time="0.000" /><testcase classname="tests.unit.test_degradation" name="test_degradation_status_summary" time="0.000" /><testcase classname="tests.unit.test_vad" name="test_vad_interface" time="0.000" /><testcase classname="tests.unit.test_vad" name="test_silero_loads" time="0.099" /><testcase classname="tests.unit.test_vad" name="test_vad_probabilities" time="0.122" /><testcase classname="tests.unit.test_vad" name="test_endpointer_state_transitions" time="0.000" /></testsuite></testsuites>